<?xml version="1.0" encoding="UTF-8"?>
<testng-results ignored="2" total="4" passed="2" failed="0" skipped="0">
  <reporter-output>
  </reporter-output>
  <suite started-at="2022-07-29T02:26:05Z" name="Suite" finished-at="2022-07-29T02:26:23Z" duration-ms="17968">
    <groups>
    </groups>
    <test started-at="2022-07-29T02:26:05Z" name="Test" finished-at="2022-07-29T02:26:23Z" duration-ms="17968">
      <class name="script.TestClass2">
        <test-method is-config="true" signature="openApp(java.lang.reflect.Method, java.lang.String)[pri:0, instance:script.TestClass2@2ea227af]" started-at="2022-07-29T02:26:15Z" name="openApp" finished-at="2022-07-29T02:26:21Z" duration-ms="6824" status="PASS">
          <params>
            <param index="0">
              <value>
                <![CDATA[public void script.TestClass2.testLogin()]]>
              </value>
            </param>
            <param index="1">
              <value>
                <![CDATA[config.properties]]>
              </value>
            </param>
          </params>
          <reporter-output>
          </reporter-output>
        </test-method> <!-- openApp -->
        <test-method signature="testLogin()[pri:0, instance:script.TestClass2@2ea227af]" started-at="2022-07-29T02:26:21Z" name="testLogin" finished-at="2022-07-29T02:26:21Z" duration-ms="3" status="PASS">
          <reporter-output>
          </reporter-output>
        </test-method> <!-- testLogin -->
        <test-method is-config="true" signature="closeApp(org.testng.ITestResult)[pri:0, instance:script.TestClass2@2ea227af]" started-at="2022-07-29T02:26:21Z" name="closeApp" finished-at="2022-07-29T02:26:23Z" duration-ms="1893" status="PASS">
          <params>
            <param index="0">
              <value>
                <![CDATA[[TestResult name=testLogin status=SUCCESS method=TestClass2.testLogin()[pri:0, instance:script.TestClass2@2ea227af] output={null}]]]>
              </value>
            </param>
          </params>
          <reporter-output>
          </reporter-output>
        </test-method> <!-- closeApp -->
      </class> <!-- script.TestClass2 -->
      <class name="script.TestClass1">
        <test-method is-config="true" signature="createReport()[pri:0, instance:script.TestClass1@78e117e3]" started-at="2022-07-29T02:26:05Z" name="createReport" finished-at="2022-07-29T02:26:05Z" duration-ms="359" status="PASS">
          <reporter-output>
          </reporter-output>
        </test-method> <!-- createReport -->
        <test-method is-config="true" signature="openApp(java.lang.reflect.Method, java.lang.String)[pri:0, instance:script.TestClass1@78e117e3]" started-at="2022-07-29T02:26:05Z" name="openApp" finished-at="2022-07-29T02:26:14Z" duration-ms="8429" status="PASS">
          <params>
            <param index="0">
              <value>
                <![CDATA[public void script.TestClass1.testA()]]>
              </value>
            </param>
            <param index="1">
              <value>
                <![CDATA[config.properties]]>
              </value>
            </param>
          </params>
          <reporter-output>
          </reporter-output>
        </test-method> <!-- openApp -->
        <test-method signature="testA()[pri:0, instance:script.TestClass1@78e117e3]" started-at="2022-07-29T02:26:14Z" name="testA" finished-at="2022-07-29T02:26:14Z" duration-ms="10" status="PASS">
          <reporter-output>
          </reporter-output>
        </test-method> <!-- testA -->
        <test-method is-config="true" signature="closeApp(org.testng.ITestResult)[pri:0, instance:script.TestClass1@78e117e3]" started-at="2022-07-29T02:26:14Z" name="closeApp" finished-at="2022-07-29T02:26:15Z" duration-ms="785" status="PASS">
          <params>
            <param index="0">
              <value>
                <![CDATA[[TestResult name=testA status=SUCCESS method=TestClass1.testA()[pri:0, instance:script.TestClass1@78e117e3] output={null}]]]>
              </value>
            </param>
          </params>
          <reporter-output>
          </reporter-output>
        </test-method> <!-- closeApp -->
        <test-method is-config="true" signature="publishReport()[pri:0, instance:script.TestClass1@78e117e3]" started-at="2022-07-29T02:26:23Z" name="publishReport" finished-at="2022-07-29T02:26:24Z" duration-ms="312" status="PASS">
          <reporter-output>
          </reporter-output>
        </test-method> <!-- publishReport -->
      </class> <!-- script.TestClass1 -->
    </test> <!-- Test -->
  </suite> <!-- Suite -->
</testng-results>
